0 info it worked if it ends with ok
1 verbose cli [ 'C:\\Program Files\\nodejs\\node.exe',
1 verbose cli   'C:\\Users\\mikey\\AppData\\Roaming\\npm\\node_modules\\npm\\bin\\npm-cli.js',
1 verbose cli   'i',
1 verbose cli   '-S',
1 verbose cli   'https://github.com/rickardn/listgroup.js' ]
2 info using npm@3.10.5
3 info using node@v6.3.0
4 silly loadCurrentTree Starting
5 silly install loadCurrentTree
6 silly install readLocalPackageData
7 silly fetchPackageMetaData https://github.com/rickardn/listgroup.js
8 silly fetchOtherPackageData https://github.com/rickardn/listgroup.js
9 silly cache add args [ 'https://github.com/rickardn/listgroup.js', null ]
10 verbose cache add spec https://github.com/rickardn/listgroup.js
11 silly cache add parsed spec Result {
11 silly cache add   raw: 'https://github.com/rickardn/listgroup.js',
11 silly cache add   scope: null,
11 silly cache add   escapedName: null,
11 silly cache add   name: null,
11 silly cache add   rawSpec: 'https://github.com/rickardn/listgroup.js',
11 silly cache add   spec: 'git+https://github.com/rickardn/listgroup.js.git',
11 silly cache add   type: 'hosted',
11 silly cache add   hosted:
11 silly cache add    { type: 'github',
11 silly cache add      ssh: 'git@github.com:rickardn/listgroup.js.git',
11 silly cache add      sshUrl: 'git+ssh://git@github.com/rickardn/listgroup.js.git',
11 silly cache add      httpsUrl: 'git+https://github.com/rickardn/listgroup.js.git',
11 silly cache add      gitUrl: 'git://github.com/rickardn/listgroup.js.git',
11 silly cache add      shortcut: 'github:rickardn/listgroup.js',
11 silly cache add      directUrl: 'https://raw.githubusercontent.com/rickardn/listgroup.js/master/package.json' } }
12 verbose addRemoteGit caching https://github.com/rickardn/listgroup.js
13 verbose addRemoteGit git+https://github.com/rickardn/listgroup.js.git is a repository hosted by github
14 silly tryClone cloning git+https://github.com/rickardn/listgroup.js.git via git+https://github.com/rickardn/listgroup.js.git
15 verbose tryClone git-https-github-com-rickardn-listgroup-js-git-34efed32 not in flight; caching
16 verbose correctMkdir C:\Users\mikey\AppData\Roaming\npm-cache\_git-remotes correctMkdir not in flight; initializing
17 info git [ 'clone',
17 info git   '--template=C:\\Users\\mikey\\AppData\\Roaming\\npm-cache\\_git-remotes\\_templates',
17 info git   '--mirror',
17 info git   'https://github.com/rickardn/listgroup.js.git',
17 info git   'C:\\Users\\mikey\\AppData\\Roaming\\npm-cache\\_git-remotes\\git-https-github-com-rickardn-listgroup-js-git-34efed32' ]
18 verbose mirrorRemote git+https://github.com/rickardn/listgroup.js.git git clone https://github.com/rickardn/listgroup.js.git
19 verbose setPermissions git+https://github.com/rickardn/listgroup.js.git skipping chownr on Windows
20 verbose resolveHead git+https://github.com/rickardn/listgroup.js.git original treeish: master
21 info git [ 'rev-list', '-n1', 'master' ]
22 silly resolveHead git+https://github.com/rickardn/listgroup.js.git resolved treeish: 5f3c38583badc44b4cd915ccd5c18b9a25e4844f
23 verbose resolveHead git+https://github.com/rickardn/listgroup.js.git resolved Git URL: git+https://github.com/rickardn/listgroup.js.git#5f3c38583badc44b4cd915ccd5c18b9a25e4844f
24 silly resolveHead Git working directory: C:\Users\mikey\AppData\Local\Temp\npm-8928-f7865fd6\git-cache-02eb334c\5f3c38583badc44b4cd915ccd5c18b9a25e4844f
25 info git [ 'clone',
25 info git   'C:\\Users\\mikey\\AppData\\Roaming\\npm-cache\\_git-remotes\\git-https-github-com-rickardn-listgroup-js-git-34efed32',
25 info git   'C:\\Users\\mikey\\AppData\\Local\\Temp\\npm-8928-f7865fd6\\git-cache-02eb334c\\5f3c38583badc44b4cd915ccd5c18b9a25e4844f' ]
26 verbose cloneResolved git+https://github.com/rickardn/listgroup.js.git clone Cloning into 'C:\Users\mikey\AppData\Local\Temp\npm-8928-f7865fd6\git-cache-02eb334c\5f3c38583badc44b4cd915ccd5c18b9a25e4844f'...
26 verbose cloneResolved done.
27 info git [ 'checkout', '5f3c38583badc44b4cd915ccd5c18b9a25e4844f' ]
28 verbose checkoutTreeish git+https://github.com/rickardn/listgroup.js.git checkout Note: checking out '5f3c38583badc44b4cd915ccd5c18b9a25e4844f'.
28 verbose checkoutTreeish
28 verbose checkoutTreeish You are in 'detached HEAD' state. You can look around, make experimental
28 verbose checkoutTreeish changes and commit them, and you can discard any commits you make in this
28 verbose checkoutTreeish state without impacting any branches by performing another checkout.
28 verbose checkoutTreeish
28 verbose checkoutTreeish If you want to create a new branch to retain commits you create, you may
28 verbose checkoutTreeish do so (now or later) by using -b with the checkout command again. Example:
28 verbose checkoutTreeish
28 verbose checkoutTreeish   git checkout -b <new-branch-name>
28 verbose checkoutTreeish
28 verbose checkoutTreeish HEAD is now at 5f3c385... Update README.md
29 info git [ 'submodule', '-q', 'update', '--init', '--recursive' ]
30 verbose updateSubmodules git+https://github.com/rickardn/listgroup.js.git submodule update
31 error addLocal Could not install C:\Users\mikey\AppData\Local\Temp\npm-8928-f7865fd6\git-cache-02eb334c\5f3c38583badc44b4cd915ccd5c18b9a25e4844f
32 silly fetchPackageMetaData Error: EISDIR: illegal operation on a directory, read
32 silly fetchPackageMetaData     at Error (native)
32 silly fetchPackageMetaData  error for https://github.com/rickardn/listgroup.js { Error: EISDIR: illegal operation on a directory, read
32 silly fetchPackageMetaData     at Error (native) errno: -4068, code: 'EISDIR', syscall: 'read' }
33 silly rollbackFailedOptional Starting
34 silly rollbackFailedOptional Finishing
35 silly runTopLevelLifecycles Starting
36 silly runTopLevelLifecycles Finishing
37 silly install printInstalled
38 verbose stack Error: EISDIR: illegal operation on a directory, read
38 verbose stack     at Error (native)
39 verbose cwd C:\Users\mikey\Documents\UTSC\uteach
40 error Windows_NT 6.3.9600
41 error argv "C:\\Program Files\\nodejs\\node.exe" "C:\\Users\\mikey\\AppData\\Roaming\\npm\\node_modules\\npm\\bin\\npm-cli.js" "i" "-S" "https://github.com/rickardn/listgroup.js"
42 error node v6.3.0
43 error npm  v3.10.5
44 error code EISDIR
45 error errno -4068
46 error syscall read
47 error eisdir EISDIR: illegal operation on a directory, read
48 error eisdir This is most likely not a problem with npm itself
48 error eisdir and is related to npm not being able to find a package.json in
48 error eisdir a package you are trying to install.
49 verbose exit [ -4068, true ]
